
AVRASM ver. 2.1.30  D:\thuc hanh he thong nhung\day6_analog_to_digital_converter_adc\Debug\List\analog_to_digital.asm Thu Mar 30 12:14:17 2023

D:\thuc hanh he thong nhung\day6_analog_to_digital_converter_adc\Debug\List\analog_to_digital.asm(1420): warning: Register r3 already defined by the .DEF directive
D:\thuc hanh he thong nhung\day6_analog_to_digital_converter_adc\Debug\List\analog_to_digital.asm(1421): warning: Register r4 already defined by the .DEF directive
                 
                 
                 ;CodeVisionAVR C Compiler V3.51 
                 ;(C) Copyright 1998-2023 Pavel Haiduc, HP InfoTech S.R.L.
                 ;http://www.hpinfotech.ro
                 
                 ;Build configuration    : Debug
                 ;Chip type              : ATmega328P
                 ;Program type           : Application
                 ;Clock frequency        : 8.000000 MHz
                 ;Memory model           : Small
                 ;Optimize for           : Size
                 ;(s)printf features     : int, width
                 ;(s)scanf features      : int, width
                 ;External RAM size      : 0
                 ;Data Stack size        : 512 byte(s)
                 ;Heap size              : 0 byte(s)
                 ;Promote 'char' to 'int': Yes
                 ;'char' is unsigned     : Yes
                 ;8 bit enums            : Yes
                 ;Global 'const' stored in FLASH: No
                 ;Enhanced function parameter passing: Mode 2
                 ;Enhanced core instructions: On
                 ;Automatic register allocation for global variables: On
                 ;Smart register allocation: On
                 
                 	#define _MODEL_SMALL_
                 
                 	#pragma AVRPART ADMIN PART_NAME ATmega328P
                 	#pragma AVRPART MEMORY PROG_FLASH 32768
                 	#pragma AVRPART MEMORY EEPROM 1024
                 	#pragma AVRPART MEMORY INT_SRAM SIZE 2048
                 	#pragma AVRPART MEMORY INT_SRAM START_ADDR 0x100
                 
                 	#define CALL_SUPPORTED 1
                 
                 	.LISTMAC
                 	.EQU EERE=0x0
                 	.EQU EEWE=0x1
                 	.EQU EEMWE=0x2
                 	.EQU UDRE=0x5
                 	.EQU RXC=0x7
                 	.EQU EECR=0x1F
                 	.EQU EEDR=0x20
                 	.EQU EEARL=0x21
                 	.EQU EEARH=0x22
                 	.EQU SPSR=0x2D
                 	.EQU SPDR=0x2E
                 	.EQU SMCR=0x33
                 	.EQU MCUSR=0x34
                 	.EQU MCUCR=0x35
                 	.EQU WDTCSR=0x60
                 	.EQU UCSR0A=0xC0
                 	.EQU UDR0=0xC6
                 	.EQU SPMCSR=0x37
                 	.EQU SPL=0x3D
                 	.EQU SPH=0x3E
                 	.EQU SREG=0x3F
                 	.EQU GPIOR0=0x1E
                 
                 	.DEF R0X0=R0
                 	.DEF R0X1=R1
                 	.DEF R0X2=R2
                 	.DEF R0X3=R3
                 	.DEF R0X4=R4
                 	.DEF R0X5=R5
                 	.DEF R0X6=R6
                 	.DEF R0X7=R7
                 	.DEF R0X8=R8
                 	.DEF R0X9=R9
                 	.DEF R0XA=R10
                 	.DEF R0XB=R11
                 	.DEF R0XC=R12
                 	.DEF R0XD=R13
                 	.DEF R0XE=R14
                 	.DEF R0XF=R15
                 	.DEF R0X10=R16
                 	.DEF R0X11=R17
                 	.DEF R0X12=R18
                 	.DEF R0X13=R19
                 	.DEF R0X14=R20
                 	.DEF R0X15=R21
                 	.DEF R0X16=R22
                 	.DEF R0X17=R23
                 	.DEF R0X18=R24
                 	.DEF R0X19=R25
                 	.DEF R0X1A=R26
                 	.DEF R0X1B=R27
                 	.DEF R0X1C=R28
                 	.DEF R0X1D=R29
                 	.DEF R0X1E=R30
                 	.DEF R0X1F=R31
                 
                 	.EQU __SRAM_START=0x0100
                 	.EQU __SRAM_END=0x08FF
                 	.EQU __DSTACK_SIZE=0x0200
                 	.EQU __HEAP_SIZE=0x0000
                 	.EQU __CLEAR_SRAM_SIZE=__SRAM_END-__SRAM_START+1
                 
                 	.EQU __FLASH_PAGE_SIZE=0x40
                 	.EQU __EEPROM_PAGE_SIZE=0x04
                 
                 	.MACRO __CPD1N
                 	CPI  R30,LOW(@0)
                 	LDI  R26,HIGH(@0)
                 	CPC  R31,R26
                 	LDI  R26,BYTE3(@0)
                 	CPC  R22,R26
                 	LDI  R26,BYTE4(@0)
                 	CPC  R23,R26
                 	.ENDM
                 
                 	.MACRO __CPD2N
                 	CPI  R26,LOW(@0)
                 	LDI  R30,HIGH(@0)
                 	CPC  R27,R30
                 	LDI  R30,BYTE3(@0)
                 	CPC  R24,R30
                 	LDI  R30,BYTE4(@0)
                 	CPC  R25,R30
                 	.ENDM
                 
                 	.MACRO __CPWRR
                 	CP   R@0,R@2
                 	CPC  R@1,R@3
                 	.ENDM
                 
                 	.MACRO __CPWRN
                 	CPI  R@0,LOW(@2)
                 	LDI  R30,HIGH(@2)
                 	CPC  R@1,R30
                 	.ENDM
                 
                 	.MACRO __ADDB1MN
                 	SUBI R30,LOW(-@0-(@1))
                 	.ENDM
                 
                 	.MACRO __ADDB2MN
                 	SUBI R26,LOW(-@0-(@1))
                 	.ENDM
                 
                 	.MACRO __ADDW1MN
                 	SUBI R30,LOW(-@0-(@1))
                 	SBCI R31,HIGH(-@0-(@1))
                 	.ENDM
                 
                 	.MACRO __ADDW2MN
                 	SUBI R26,LOW(-@0-(@1))
                 	SBCI R27,HIGH(-@0-(@1))
                 	.ENDM
                 
                 	.MACRO __ADDW1FN
                 	SUBI R30,LOW(-2*@0-(@1))
                 	SBCI R31,HIGH(-2*@0-(@1))
                 	.ENDM
                 
                 	.MACRO __ADDD1FN
                 	SUBI R30,LOW(-2*@0-(@1))
                 	SBCI R31,HIGH(-2*@0-(@1))
                 	SBCI R22,BYTE3(-2*@0-(@1))
                 	.ENDM
                 
                 	.MACRO __ADDD1N
                 	SUBI R30,LOW(-@0)
                 	SBCI R31,HIGH(-@0)
                 	SBCI R22,BYTE3(-@0)
                 	SBCI R23,BYTE4(-@0)
                 	.ENDM
                 
                 	.MACRO __ADDD2N
                 	SUBI R26,LOW(-@0)
                 	SBCI R27,HIGH(-@0)
                 	SBCI R24,BYTE3(-@0)
                 	SBCI R25,BYTE4(-@0)
                 	.ENDM
                 
                 	.MACRO __SUBD1N
                 	SUBI R30,LOW(@0)
                 	SBCI R31,HIGH(@0)
                 	SBCI R22,BYTE3(@0)
                 	SBCI R23,BYTE4(@0)
                 	.ENDM
                 
                 	.MACRO __SUBD2N
                 	SUBI R26,LOW(@0)
                 	SBCI R27,HIGH(@0)
                 	SBCI R24,BYTE3(@0)
                 	SBCI R25,BYTE4(@0)
                 	.ENDM
                 
                 	.MACRO __ANDBMNN
                 	LDS  R30,@0+(@1)
                 	ANDI R30,LOW(@2)
                 	STS  @0+(@1),R30
                 	.ENDM
                 
                 	.MACRO __ANDWMNN
                 	LDS  R30,@0+(@1)
                 	ANDI R30,LOW(@2)
                 	STS  @0+(@1),R30
                 	LDS  R30,@0+(@1)+1
                 	ANDI R30,HIGH(@2)
                 	STS  @0+(@1)+1,R30
                 	.ENDM
                 
                 	.MACRO __ANDD1N
                 	ANDI R30,LOW(@0)
                 	ANDI R31,HIGH(@0)
                 	ANDI R22,BYTE3(@0)
                 	ANDI R23,BYTE4(@0)
                 	.ENDM
                 
                 	.MACRO __ANDD2N
                 	ANDI R26,LOW(@0)
                 	ANDI R27,HIGH(@0)
                 	ANDI R24,BYTE3(@0)
                 	ANDI R25,BYTE4(@0)
                 	.ENDM
                 
                 	.MACRO __ORBMNN
                 	LDS  R30,@0+(@1)
                 	ORI  R30,LOW(@2)
                 	STS  @0+(@1),R30
                 	.ENDM
                 
                 	.MACRO __ORWMNN
                 	LDS  R30,@0+(@1)
                 	ORI  R30,LOW(@2)
                 	STS  @0+(@1),R30
                 	LDS  R30,@0+(@1)+1
                 	ORI  R30,HIGH(@2)
                 	STS  @0+(@1)+1,R30
                 	.ENDM
                 
                 	.MACRO __ORD1N
                 	ORI  R30,LOW(@0)
                 	ORI  R31,HIGH(@0)
                 	ORI  R22,BYTE3(@0)
                 	ORI  R23,BYTE4(@0)
                 	.ENDM
                 
                 	.MACRO __ORD2N
                 	ORI  R26,LOW(@0)
                 	ORI  R27,HIGH(@0)
                 	ORI  R24,BYTE3(@0)
                 	ORI  R25,BYTE4(@0)
                 	.ENDM
                 
                 	.MACRO __DELAY_USB
                 	LDI  R24,LOW(@0)
                 __DELAY_USB_LOOP:
                 	DEC  R24
                 	BRNE __DELAY_USB_LOOP
                 	.ENDM
                 
                 	.MACRO __DELAY_USW
                 	LDI  R24,LOW(@0)
                 	LDI  R25,HIGH(@0)
                 __DELAY_USW_LOOP:
                 	SBIW R24,1
                 	BRNE __DELAY_USW_LOOP
                 	.ENDM
                 
                 	.MACRO __GETW1P
                 	LD   R30,X+
                 	LD   R31,X
                 	SBIW R26,1
                 	.ENDM
                 
                 	.MACRO __GETD1S
                 	LDD  R30,Y+@0
                 	LDD  R31,Y+@0+1
                 	LDD  R22,Y+@0+2
                 	LDD  R23,Y+@0+3
                 	.ENDM
                 
                 	.MACRO __GETD2S
                 	LDD  R26,Y+@0
                 	LDD  R27,Y+@0+1
                 	LDD  R24,Y+@0+2
                 	LDD  R25,Y+@0+3
                 	.ENDM
                 
                 	.MACRO __GETD1P_INC
                 	LD   R30,X+
                 	LD   R31,X+
                 	LD   R22,X+
                 	LD   R23,X+
                 	.ENDM
                 
                 	.MACRO __GETD1P_DEC
                 	LD   R23,-X
                 	LD   R22,-X
                 	LD   R31,-X
                 	LD   R30,-X
                 	.ENDM
                 
                 	.MACRO __PUTDP1
                 	ST   X+,R30
                 	ST   X+,R31
                 	ST   X+,R22
                 	ST   X,R23
                 	.ENDM
                 
                 	.MACRO __PUTDP1_DEC
                 	ST   -X,R23
                 	ST   -X,R22
                 	ST   -X,R31
                 	ST   -X,R30
                 	.ENDM
                 
                 	.MACRO __PUTD1S
                 	STD  Y+@0,R30
                 	STD  Y+@0+1,R31
                 	STD  Y+@0+2,R22
                 	STD  Y+@0+3,R23
                 	.ENDM
                 
                 	.MACRO __PUTD2S
                 	STD  Y+@0,R26
                 	STD  Y+@0+1,R27
                 	STD  Y+@0+2,R24
                 	STD  Y+@0+3,R25
                 	.ENDM
                 
                 	.MACRO __PUTDZ2
                 	STD  Z+@0,R26
                 	STD  Z+@0+1,R27
                 	STD  Z+@0+2,R24
                 	STD  Z+@0+3,R25
                 	.ENDM
                 
                 	.MACRO __CLRD1S
                 	STD  Y+@0,R30
                 	STD  Y+@0+1,R30
                 	STD  Y+@0+2,R30
                 	STD  Y+@0+3,R30
                 	.ENDM
                 
                 	.MACRO __CPD10
                 	SBIW R30,0
                 	SBCI R22,0
                 	SBCI R23,0
                 	.ENDM
                 
                 	.MACRO __CPD20
                 	SBIW R26,0
                 	SBCI R24,0
                 	SBCI R25,0
                 	.ENDM
                 
                 	.MACRO __ADDD12
                 	ADD  R30,R26
                 	ADC  R31,R27
                 	ADC  R22,R24
                 	ADC  R23,R25
                 	.ENDM
                 
                 	.MACRO __ADDD21
                 	ADD  R26,R30
                 	ADC  R27,R31
                 	ADC  R24,R22
                 	ADC  R25,R23
                 	.ENDM
                 
                 	.MACRO __SUBD12
                 	SUB  R30,R26
                 	SBC  R31,R27
                 	SBC  R22,R24
                 	SBC  R23,R25
                 	.ENDM
                 
                 	.MACRO __SUBD21
                 	SUB  R26,R30
                 	SBC  R27,R31
                 	SBC  R24,R22
                 	SBC  R25,R23
                 	.ENDM
                 
                 	.MACRO __ANDD12
                 	AND  R30,R26
                 	AND  R31,R27
                 	AND  R22,R24
                 	AND  R23,R25
                 	.ENDM
                 
                 	.MACRO __ORD12
                 	OR   R30,R26
                 	OR   R31,R27
                 	OR   R22,R24
                 	OR   R23,R25
                 	.ENDM
                 
                 	.MACRO __XORD12
                 	EOR  R30,R26
                 	EOR  R31,R27
                 	EOR  R22,R24
                 	EOR  R23,R25
                 	.ENDM
                 
                 	.MACRO __XORD21
                 	EOR  R26,R30
                 	EOR  R27,R31
                 	EOR  R24,R22
                 	EOR  R25,R23
                 	.ENDM
                 
                 	.MACRO __COMD1
                 	COM  R30
                 	COM  R31
                 	COM  R22
                 	COM  R23
                 	.ENDM
                 
                 	.MACRO __MULD2_2
                 	LSL  R26
                 	ROL  R27
                 	ROL  R24
                 	ROL  R25
                 	.ENDM
                 
                 	.MACRO __LSRD1
                 	LSR  R23
                 	ROR  R22
                 	ROR  R31
                 	ROR  R30
                 	.ENDM
                 
                 	.MACRO __LSLD1
                 	LSL  R30
                 	ROL  R31
                 	ROL  R22
                 	ROL  R23
                 	.ENDM
                 
                 	.MACRO __ASRB4
                 	ASR  R30
                 	ASR  R30
                 	ASR  R30
                 	ASR  R30
                 	.ENDM
                 
                 	.MACRO __ASRW8
                 	MOV  R30,R31
                 	CLR  R31
                 	SBRC R30,7
                 	SER  R31
                 	.ENDM
                 
                 	.MACRO __LSRD16
                 	MOV  R30,R22
                 	MOV  R31,R23
                 	LDI  R22,0
                 	LDI  R23,0
                 	.ENDM
                 
                 	.MACRO __LSLD16
                 	MOV  R22,R30
                 	MOV  R23,R31
                 	LDI  R30,0
                 	LDI  R31,0
                 	.ENDM
                 
                 	.MACRO __CWD1
                 	MOV  R22,R31
                 	ADD  R22,R22
                 	SBC  R22,R22
                 	MOV  R23,R22
                 	.ENDM
                 
                 	.MACRO __CWD2
                 	MOV  R24,R27
                 	ADD  R24,R24
                 	SBC  R24,R24
                 	MOV  R25,R24
                 	.ENDM
                 
                 	.MACRO __SETMSD1
                 	SER  R31
                 	SER  R22
                 	SER  R23
                 	.ENDM
                 
                 	.MACRO __ADDW1R15
                 	CLR  R0
                 	ADD  R30,R15
                 	ADC  R31,R0
                 	.ENDM
                 
                 	.MACRO __ADDW2R15
                 	CLR  R0
                 	ADD  R26,R15
                 	ADC  R27,R0
                 	.ENDM
                 
                 	.MACRO __EQB12
                 	CP   R30,R26
                 	LDI  R30,1
                 	BREQ PC+2
                 	CLR  R30
                 	.ENDM
                 
                 	.MACRO __NEB12
                 	CP   R30,R26
                 	LDI  R30,1
                 	BRNE PC+2
                 	CLR  R30
                 	.ENDM
                 
                 	.MACRO __LEB12
                 	CP   R30,R26
                 	LDI  R30,1
                 	BRGE PC+2
                 	CLR  R30
                 	.ENDM
                 
                 	.MACRO __GEB12
                 	CP   R26,R30
                 	LDI  R30,1
                 	BRGE PC+2
                 	CLR  R30
                 	.ENDM
                 
                 	.MACRO __LTB12
                 	CP   R26,R30
                 	LDI  R30,1
                 	BRLT PC+2
                 	CLR  R30
                 	.ENDM
                 
                 	.MACRO __GTB12
                 	CP   R30,R26
                 	LDI  R30,1
                 	BRLT PC+2
                 	CLR  R30
                 	.ENDM
                 
                 	.MACRO __LEB12U
                 	CP   R30,R26
                 	LDI  R30,1
                 	BRSH PC+2
                 	CLR  R30
                 	.ENDM
                 
                 	.MACRO __GEB12U
                 	CP   R26,R30
                 	LDI  R30,1
                 	BRSH PC+2
                 	CLR  R30
                 	.ENDM
                 
                 	.MACRO __LTB12U
                 	CP   R26,R30
                 	LDI  R30,1
                 	BRLO PC+2
                 	CLR  R30
                 	.ENDM
                 
                 	.MACRO __GTB12U
                 	CP   R30,R26
                 	LDI  R30,1
                 	BRLO PC+2
                 	CLR  R30
                 	.ENDM
                 
                 	.MACRO __CPW01
                 	CLR  R0
                 	CP   R0,R30
                 	CPC  R0,R31
                 	.ENDM
                 
                 	.MACRO __CPW02
                 	CLR  R0
                 	CP   R0,R26
                 	CPC  R0,R27
                 	.ENDM
                 
                 	.MACRO __CPD12
                 	CP   R30,R26
                 	CPC  R31,R27
                 	CPC  R22,R24
                 	CPC  R23,R25
                 	.ENDM
                 
                 	.MACRO __CPD21
                 	CP   R26,R30
                 	CPC  R27,R31
                 	CPC  R24,R22
                 	CPC  R25,R23
                 	.ENDM
                 
                 	.MACRO __BSTB1
                 	CLT
                 	TST  R30
                 	BREQ PC+2
                 	SET
                 	.ENDM
                 
                 	.MACRO __LNEGB1
                 	TST  R30
                 	LDI  R30,1
                 	BREQ PC+2
                 	CLR  R30
                 	.ENDM
                 
                 	.MACRO __LNEGW1
                 	OR   R30,R31
                 	LDI  R30,1
                 	BREQ PC+2
                 	LDI  R30,0
                 	.ENDM
                 
                 	.MACRO __POINTB1MN
                 	LDI  R30,LOW(@0+(@1))
                 	.ENDM
                 
                 	.MACRO __POINTW1MN
                 	LDI  R30,LOW(@0+(@1))
                 	LDI  R31,HIGH(@0+(@1))
                 	.ENDM
                 
                 	.MACRO __POINTD1M
                 	LDI  R30,LOW(@0)
                 	LDI  R31,HIGH(@0)
                 	LDI  R22,BYTE3(@0)
                 	LDI  R23,BYTE4(@0)
                 	.ENDM
                 
                 	.MACRO __POINTW1FN
                 	LDI  R30,LOW(2*@0+(@1))
                 	LDI  R31,HIGH(2*@0+(@1))
                 	.ENDM
                 
                 	.MACRO __POINTD1FN
                 	LDI  R30,LOW(2*@0+(@1))
                 	LDI  R31,HIGH(2*@0+(@1))
                 	LDI  R22,BYTE3(2*@0+(@1))
                 	LDI  R23,BYTE4(2*@0+(@1))
                 	.ENDM
                 
                 	.MACRO __POINTB2MN
                 	LDI  R26,LOW(@0+(@1))
                 	.ENDM
                 
                 	.MACRO __POINTW2MN
                 	LDI  R26,LOW(@0+(@1))
                 	LDI  R27,HIGH(@0+(@1))
                 	.ENDM
                 
                 	.MACRO __POINTD2M
                 	LDI  R26,LOW(@0)
                 	LDI  R27,HIGH(@0)
                 	LDI  R24,BYTE3(@0)
                 	LDI  R25,BYTE4(@0)
                 	.ENDM
                 
                 	.MACRO __POINTW2FN
                 	LDI  R26,LOW(2*@0+(@1))
                 	LDI  R27,HIGH(2*@0+(@1))
                 	.ENDM
                 
                 	.MACRO __POINTD2FN
                 	LDI  R26,LOW(2*@0+(@1))
                 	LDI  R27,HIGH(2*@0+(@1))
                 	LDI  R24,BYTE3(2*@0+(@1))
                 	LDI  R25,BYTE4(2*@0+(@1))
                 	.ENDM
                 
                 	.MACRO __POINTBRM
                 	LDI  R@0,LOW(@1)
                 	.ENDM
                 
                 	.MACRO __POINTWRM
                 	LDI  R@0,LOW(@2)
                 	LDI  R@1,HIGH(@2)
                 	.ENDM
                 
                 	.MACRO __POINTBRMN
                 	LDI  R@0,LOW(@1+(@2))
                 	.ENDM
                 
                 	.MACRO __POINTWRMN
                 	LDI  R@0,LOW(@2+(@3))
                 	LDI  R@1,HIGH(@2+(@3))
                 	.ENDM
                 
                 	.MACRO __POINTWRFN
                 	LDI  R@0,LOW(@2*2+(@3))
                 	LDI  R@1,HIGH(@2*2+(@3))
                 	.ENDM
                 
                 	.MACRO __GETD1N
                 	LDI  R30,LOW(@0)
                 	LDI  R31,HIGH(@0)
                 	LDI  R22,BYTE3(@0)
                 	LDI  R23,BYTE4(@0)
                 	.ENDM
                 
                 	.MACRO __GETD2N
                 	LDI  R26,LOW(@0)
                 	LDI  R27,HIGH(@0)
                 	LDI  R24,BYTE3(@0)
                 	LDI  R25,BYTE4(@0)
                 	.ENDM
                 
                 	.MACRO __GETB1MN
                 	LDS  R30,@0+(@1)
                 	.ENDM
                 
                 	.MACRO __GETB1HMN
                 	LDS  R31,@0+(@1)
                 	.ENDM
                 
                 	.MACRO __GETW1MN
                 	LDS  R30,@0+(@1)
                 	LDS  R31,@0+(@1)+1
                 	.ENDM
                 
                 	.MACRO __GETD1MN
                 	LDS  R30,@0+(@1)
                 	LDS  R31,@0+(@1)+1
                 	LDS  R22,@0+(@1)+2
                 	LDS  R23,@0+(@1)+3
                 	.ENDM
                 
                 	.MACRO __GETBRMN
                 	LDS  R@0,@1+(@2)
                 	.ENDM
                 
                 	.MACRO __GETWRMN
                 	LDS  R@0,@2+(@3)
                 	LDS  R@1,@2+(@3)+1
                 	.ENDM
                 
                 	.MACRO __GETWRZ
                 	LDD  R@0,Z+@2
                 	LDD  R@1,Z+@2+1
                 	.ENDM
                 
                 	.MACRO __GETD2Z
                 	LDD  R26,Z+@0
                 	LDD  R27,Z+@0+1
                 	LDD  R24,Z+@0+2
                 	LDD  R25,Z+@0+3
                 	.ENDM
                 
                 	.MACRO __GETB2MN
                 	LDS  R26,@0+(@1)
                 	.ENDM
                 
                 	.MACRO __GETW2MN
                 	LDS  R26,@0+(@1)
                 	LDS  R27,@0+(@1)+1
                 	.ENDM
                 
                 	.MACRO __GETD2MN
                 	LDS  R26,@0+(@1)
                 	LDS  R27,@0+(@1)+1
                 	LDS  R24,@0+(@1)+2
                 	LDS  R25,@0+(@1)+3
                 	.ENDM
                 
                 	.MACRO __PUTB1MN
                 	STS  @0+(@1),R30
                 	.ENDM
                 
                 	.MACRO __PUTW1MN
                 	STS  @0+(@1),R30
                 	STS  @0+(@1)+1,R31
                 	.ENDM
                 
                 	.MACRO __PUTD1MN
                 	STS  @0+(@1),R30
                 	STS  @0+(@1)+1,R31
                 	STS  @0+(@1)+2,R22
                 	STS  @0+(@1)+3,R23
                 	.ENDM
                 
                 	.MACRO __PUTB1EN
                 	LDI  R26,LOW(@0+(@1))
                 	LDI  R27,HIGH(@0+(@1))
                 	CALL __EEPROMWRB
                 	.ENDM
                 
                 	.MACRO __PUTW1EN
                 	LDI  R26,LOW(@0+(@1))
                 	LDI  R27,HIGH(@0+(@1))
                 	CALL __EEPROMWRW
                 	.ENDM
                 
                 	.MACRO __PUTD1EN
                 	LDI  R26,LOW(@0+(@1))
                 	LDI  R27,HIGH(@0+(@1))
                 	CALL __EEPROMWRD
                 	.ENDM
                 
                 	.MACRO __PUTBR0MN
                 	STS  @0+(@1),R0
                 	.ENDM
                 
                 	.MACRO __PUTBMRN
                 	STS  @0+(@1),R@2
                 	.ENDM
                 
                 	.MACRO __PUTWMRN
                 	STS  @0+(@1),R@2
                 	STS  @0+(@1)+1,R@3
                 	.ENDM
                 
                 	.MACRO __PUTBZR
                 	STD  Z+@1,R@0
                 	.ENDM
                 
                 	.MACRO __PUTWZR
                 	STD  Z+@2,R@0
                 	STD  Z+@2+1,R@1
                 	.ENDM
                 
                 	.MACRO __GETW1R
                 	MOV  R30,R@0
                 	MOV  R31,R@1
                 	.ENDM
                 
                 	.MACRO __GETW2R
                 	MOV  R26,R@0
                 	MOV  R27,R@1
                 	.ENDM
                 
                 	.MACRO __GETWRN
                 	LDI  R@0,LOW(@2)
                 	LDI  R@1,HIGH(@2)
                 	.ENDM
                 
                 	.MACRO __PUTW1R
                 	MOV  R@0,R30
                 	MOV  R@1,R31
                 	.ENDM
                 
                 	.MACRO __PUTW2R
                 	MOV  R@0,R26
                 	MOV  R@1,R27
                 	.ENDM
                 
                 	.MACRO __ADDWRN
                 	SUBI R@0,LOW(-@2)
                 	SBCI R@1,HIGH(-@2)
                 	.ENDM
                 
                 	.MACRO __ADDWRR
                 	ADD  R@0,R@2
                 	ADC  R@1,R@3
                 	.ENDM
                 
                 	.MACRO __SUBWRN
                 	SUBI R@0,LOW(@2)
                 	SBCI R@1,HIGH(@2)
                 	.ENDM
                 
                 	.MACRO __SUBWRR
                 	SUB  R@0,R@2
                 	SBC  R@1,R@3
                 	.ENDM
                 
                 	.MACRO __ANDWRN
                 	ANDI R@0,LOW(@2)
                 	ANDI R@1,HIGH(@2)
                 	.ENDM
                 
                 	.MACRO __ANDWRR
                 	AND  R@0,R@2
                 	AND  R@1,R@3
                 	.ENDM
                 
                 	.MACRO __ORWRN
                 	ORI  R@0,LOW(@2)
                 	ORI  R@1,HIGH(@2)
                 	.ENDM
                 
                 	.MACRO __ORWRR
                 	OR   R@0,R@2
                 	OR   R@1,R@3
                 	.ENDM
                 
                 	.MACRO __EORWRR
                 	EOR  R@0,R@2
                 	EOR  R@1,R@3
                 	.ENDM
                 
                 	.MACRO __GETWRS
                 	LDD  R@0,Y+@2
                 	LDD  R@1,Y+@2+1
                 	.ENDM
                 
                 	.MACRO __PUTBSR
                 	STD  Y+@1,R@0
                 	.ENDM
                 
                 	.MACRO __PUTWSR
                 	STD  Y+@2,R@0
                 	STD  Y+@2+1,R@1
                 	.ENDM
                 
                 	.MACRO __MOVEWRR
                 	MOV  R@0,R@2
                 	MOV  R@1,R@3
                 	.ENDM
                 
                 	.MACRO __INWR
                 	IN   R@0,@2
                 	IN   R@1,@2+1
                 	.ENDM
                 
                 	.MACRO __OUTWR
                 	OUT  @2+1,R@1
                 	OUT  @2,R@0
                 	.ENDM
                 
                 	.MACRO __CALL1MN
                 	LDS  R30,@0+(@1)
                 	LDS  R31,@0+(@1)+1
                 	ICALL
                 	.ENDM
                 
                 	.MACRO __CALL1FN
                 	LDI  R30,LOW(2*@0+(@1))
                 	LDI  R31,HIGH(2*@0+(@1))
                 	CALL __GETW1PF
                 	ICALL
                 	.ENDM
                 
                 	.MACRO __CALL2EN
                 	PUSH R26
                 	PUSH R27
                 	LDI  R26,LOW(@0+(@1))
                 	LDI  R27,HIGH(@0+(@1))
                 	CALL __EEPROMRDW
                 	POP  R27
                 	POP  R26
                 	ICALL
                 	.ENDM
                 
                 	.MACRO __CALL2EX
                 	SUBI R26,LOW(-@0)
                 	SBCI R27,HIGH(-@0)
                 	CALL __EEPROMRDD
                 	ICALL
                 	.ENDM
                 
                 	.MACRO __GETW1STACK
                 	IN   R30,SPL
                 	IN   R31,SPH
                 	ADIW R30,@0+1
                 	LD   R0,Z+
                 	LD   R31,Z
                 	MOV  R30,R0
                 	.ENDM
                 
                 	.MACRO __GETD1STACK
                 	IN   R30,SPL
                 	IN   R31,SPH
                 	ADIW R30,@0+1
                 	LD   R0,Z+
                 	LD   R1,Z+
                 	LD   R22,Z
                 	MOVW R30,R0
                 	.ENDM
                 
                 	.MACRO __NBST
                 	BST  R@0,@1
                 	IN   R30,SREG
                 	LDI  R31,0x40
                 	EOR  R30,R31
                 	OUT  SREG,R30
                 	.ENDM
                 
                 
                 	.MACRO __PUTB1SN
                 	LDD  R26,Y+@0
                 	LDD  R27,Y+@0+1
                 	SUBI R26,LOW(-@1)
                 	SBCI R27,HIGH(-@1)
                 	ST   X,R30
                 	.ENDM
                 
                 	.MACRO __PUTW1SN
                 	LDD  R26,Y+@0
                 	LDD  R27,Y+@0+1
                 	SUBI R26,LOW(-@1)
                 	SBCI R27,HIGH(-@1)
                 	ST   X+,R30
                 	ST   X,R31
                 	.ENDM
                 
                 	.MACRO __PUTD1SN
                 	LDD  R26,Y+@0
                 	LDD  R27,Y+@0+1
                 	SUBI R26,LOW(-@1)
                 	SBCI R27,HIGH(-@1)
                 	ST   X+,R30
                 	ST   X+,R31
                 	ST   X+,R22
                 	ST   X,R23
                 	.ENDM
                 
                 	.MACRO __PUTB1SNS
                 	LDD  R26,Y+@0
                 	LDD  R27,Y+@0+1
                 	ADIW R26,@1
                 	ST   X,R30
                 	.ENDM
                 
                 	.MACRO __PUTW1SNS
                 	LDD  R26,Y+@0
                 	LDD  R27,Y+@0+1
                 	ADIW R26,@1
                 	ST   X+,R30
                 	ST   X,R31
                 	.ENDM
                 
                 	.MACRO __PUTD1SNS
                 	LDD  R26,Y+@0
                 	LDD  R27,Y+@0+1
                 	ADIW R26,@1
                 	ST   X+,R30
                 	ST   X+,R31
                 	ST   X+,R22
                 	ST   X,R23
                 	.ENDM
                 
                 	.MACRO __PUTB1PMN
                 	LDS  R26,@0
                 	LDS  R27,@0+1
                 	SUBI R26,LOW(-@1)
                 	SBCI R27,HIGH(-@1)
                 	ST   X,R30
                 	.ENDM
                 
                 	.MACRO __PUTW1PMN
                 	LDS  R26,@0
                 	LDS  R27,@0+1
                 	SUBI R26,LOW(-@1)
                 	SBCI R27,HIGH(-@1)
                 	ST   X+,R30
                 	ST   X,R31
                 	.ENDM
                 
                 	.MACRO __PUTD1PMN
                 	LDS  R26,@0
                 	LDS  R27,@0+1
                 	SUBI R26,LOW(-@1)
                 	SBCI R27,HIGH(-@1)
                 	ST   X+,R30
                 	ST   X+,R31
                 	ST   X+,R22
                 	ST   X,R23
                 	.ENDM
                 
                 	.MACRO __PUTB1PMNS
                 	LDS  R26,@0
                 	LDS  R27,@0+1
                 	ADIW R26,@1
                 	ST   X,R30
                 	.ENDM
                 
                 	.MACRO __PUTW1PMNS
                 	LDS  R26,@0
                 	LDS  R27,@0+1
                 	ADIW R26,@1
                 	ST   X+,R30
                 	ST   X,R31
                 	.ENDM
                 
                 	.MACRO __PUTD1PMNS
                 	LDS  R26,@0
                 	LDS  R27,@0+1
                 	ADIW R26,@1
                 	ST   X+,R30
                 	ST   X+,R31
                 	ST   X+,R22
                 	ST   X,R23
                 	.ENDM
                 
                 	.MACRO __PUTB1RN
                 	MOVW R26,R@0
                 	SUBI R26,LOW(-@1)
                 	SBCI R27,HIGH(-@1)
                 	ST   X,R30
                 	.ENDM
                 
                 	.MACRO __PUTW1RN
                 	MOVW R26,R@0
                 	SUBI R26,LOW(-@1)
                 	SBCI R27,HIGH(-@1)
                 	ST   X+,R30
                 	ST   X,R31
                 	.ENDM
                 
                 	.MACRO __PUTD1RN
                 	MOVW R26,R@0
                 	SUBI R26,LOW(-@1)
                 	SBCI R27,HIGH(-@1)
                 	ST   X+,R30
                 	ST   X+,R31
                 	ST   X+,R22
                 	ST   X,R23
                 	.ENDM
                 
                 	.MACRO __PUTB1RNS
                 	MOVW R26,R@0
                 	ADIW R26,@1
                 	ST   X,R30
                 	.ENDM
                 
                 	.MACRO __PUTW1RNS
                 	MOVW R26,R@0
                 	ADIW R26,@1
                 	ST   X+,R30
                 	ST   X,R31
                 	.ENDM
                 
                 	.MACRO __PUTD1RNS
                 	MOVW R26,R@0
                 	ADIW R26,@1
                 	ST   X+,R30
                 	ST   X+,R31
                 	ST   X+,R22
                 	ST   X,R23
                 	.ENDM
                 
                 	.MACRO __PUTB1RON
                 	MOV  R26,R@0
                 	MOV  R27,R@1
                 	SUBI R26,LOW(-@2)
                 	SBCI R27,HIGH(-@2)
                 	ST   X,R30
                 	.ENDM
                 
                 	.MACRO __PUTW1RON
                 	MOV  R26,R@0
                 	MOV  R27,R@1
                 	SUBI R26,LOW(-@2)
                 	SBCI R27,HIGH(-@2)
                 	ST   X+,R30
                 	ST   X,R31
                 	.ENDM
                 
                 	.MACRO __PUTD1RON
                 	MOV  R26,R@0
                 	MOV  R27,R@1
                 	SUBI R26,LOW(-@2)
                 	SBCI R27,HIGH(-@2)
                 	ST   X+,R30
                 	ST   X+,R31
                 	ST   X+,R22
                 	ST   X,R23
                 	.ENDM
                 
                 	.MACRO __PUTB1RONS
                 	MOV  R26,R@0
                 	MOV  R27,R@1
                 	ADIW R26,@2
                 	ST   X,R30
                 	.ENDM
                 
                 	.MACRO __PUTW1RONS
                 	MOV  R26,R@0
                 	MOV  R27,R@1
                 	ADIW R26,@2
                 	ST   X+,R30
                 	ST   X,R31
                 	.ENDM
                 
                 	.MACRO __PUTD1RONS
                 	MOV  R26,R@0
                 	MOV  R27,R@1
                 	ADIW R26,@2
                 	ST   X+,R30
                 	ST   X+,R31
                 	ST   X+,R22
                 	ST   X,R23
                 	.ENDM
                 
                 
                 	.MACRO __GETB1SX
                 	MOVW R30,R28
                 	SUBI R30,LOW(-@0)
                 	SBCI R31,HIGH(-@0)
                 	LD   R30,Z
                 	.ENDM
                 
                 	.MACRO __GETB1HSX
                 	MOVW R30,R28
                 	SUBI R30,LOW(-@0)
                 	SBCI R31,HIGH(-@0)
                 	LD   R31,Z
                 	.ENDM
                 
                 	.MACRO __GETW1SX
                 	MOVW R30,R28
                 	SUBI R30,LOW(-@0)
                 	SBCI R31,HIGH(-@0)
                 	CALL __GETW1Z
                 	.ENDM
                 
                 	.MACRO __GETD1SX
                 	MOVW R30,R28
                 	SUBI R30,LOW(-@0)
                 	SBCI R31,HIGH(-@0)
                 	CALL __GETD1Z
                 	.ENDM
                 
                 	.MACRO __GETB2SX
                 	MOVW R26,R28
                 	SUBI R26,LOW(-@0)
                 	SBCI R27,HIGH(-@0)
                 	LD   R26,X
                 	.ENDM
                 
                 	.MACRO __GETW2SX
                 	MOVW R26,R28
                 	SUBI R26,LOW(-@0)
                 	SBCI R27,HIGH(-@0)
                 	CALL __GETW2X
                 	.ENDM
                 
                 	.MACRO __GETD2SX
                 	MOVW R26,R28
                 	SUBI R26,LOW(-@0)
                 	SBCI R27,HIGH(-@0)
                 	CALL __GETD2X
                 	.ENDM
                 
                 	.MACRO __GETBRSX
                 	MOVW R30,R28
                 	SUBI R30,LOW(-@1)
                 	SBCI R31,HIGH(-@1)
                 	LD   R@0,Z
                 	.ENDM
                 
                 	.MACRO __GETWRSX
                 	MOVW R30,R28
                 	SUBI R30,LOW(-@2)
                 	SBCI R31,HIGH(-@2)
                 	LD   R@0,Z+
                 	LD   R@1,Z
                 	.ENDM
                 
                 	.MACRO __GETBRSX2
                 	MOVW R26,R28
                 	SUBI R26,LOW(-@1)
                 	SBCI R27,HIGH(-@1)
                 	LD   R@0,X
                 	.ENDM
                 
                 	.MACRO __GETWRSX2
                 	MOVW R26,R28
                 	SUBI R26,LOW(-@2)
                 	SBCI R27,HIGH(-@2)
                 	LD   R@0,X+
                 	LD   R@1,X
                 	.ENDM
                 
                 	.MACRO __LSLW8SX
                 	MOVW R30,R28
                 	SUBI R30,LOW(-@0)
                 	SBCI R31,HIGH(-@0)
                 	LD   R31,Z
                 	CLR  R30
                 	.ENDM
                 
                 	.MACRO __PUTB1SX
                 	MOVW R26,R28
                 	SUBI R26,LOW(-@0)
                 	SBCI R27,HIGH(-@0)
                 	ST   X,R30
                 	.ENDM
                 
                 	.MACRO __PUTW1SX
                 	MOVW R26,R28
                 	SUBI R26,LOW(-@0)
                 	SBCI R27,HIGH(-@0)
                 	ST   X+,R30
                 	ST   X,R31
                 	.ENDM
                 
                 	.MACRO __PUTD1SX
                 	MOVW R26,R28
                 	SUBI R26,LOW(-@0)
                 	SBCI R27,HIGH(-@0)
                 	ST   X+,R30
                 	ST   X+,R31
                 	ST   X+,R22
                 	ST   X,R23
                 	.ENDM
                 
                 	.MACRO __CLRW1SX
                 	MOVW R26,R28
                 	SUBI R26,LOW(-@0)
                 	SBCI R27,HIGH(-@0)
                 	ST   X+,R30
                 	ST   X,R30
                 	.ENDM
                 
                 	.MACRO __CLRD1SX
                 	MOVW R26,R28
                 	SUBI R26,LOW(-@0)
                 	SBCI R27,HIGH(-@0)
                 	ST   X+,R30
                 	ST   X+,R30
                 	ST   X+,R30
                 	ST   X,R30
                 	.ENDM
                 
                 	.MACRO __PUTB2SX
                 	MOVW R30,R28
                 	SUBI R30,LOW(-@0)
                 	SBCI R31,HIGH(-@0)
                 	ST   Z,R26
                 	.ENDM
                 
                 	.MACRO __PUTW2SX
                 	MOVW R30,R28
                 	SUBI R30,LOW(-@0)
                 	SBCI R31,HIGH(-@0)
                 	ST   Z+,R26
                 	ST   Z,R27
                 	.ENDM
                 
                 	.MACRO __PUTD2SX
                 	MOVW R30,R28
                 	SUBI R30,LOW(-@0)
                 	SBCI R31,HIGH(-@0)
                 	ST   Z+,R26
                 	ST   Z+,R27
                 	ST   Z+,R24
                 	ST   Z,R25
                 	.ENDM
                 
                 	.MACRO __PUTBSRX
                 	MOVW R30,R28
                 	SUBI R30,LOW(-@1)
                 	SBCI R31,HIGH(-@1)
                 	ST   Z,R@0
                 	.ENDM
                 
                 	.MACRO __PUTWSRX
                 	MOVW R30,R28
                 	SUBI R30,LOW(-@2)
                 	SBCI R31,HIGH(-@2)
                 	ST   Z+,R@0
                 	ST   Z,R@1
                 	.ENDM
                 
                 	.MACRO __PUTB1SNX
                 	MOVW R26,R28
                 	SUBI R26,LOW(-@0)
                 	SBCI R27,HIGH(-@0)
                 	LD   R0,X+
                 	LD   R27,X
                 	MOV  R26,R0
                 	SUBI R26,LOW(-@1)
                 	SBCI R27,HIGH(-@1)
                 	ST   X,R30
                 	.ENDM
                 
                 	.MACRO __PUTW1SNX
                 	MOVW R26,R28
                 	SUBI R26,LOW(-@0)
                 	SBCI R27,HIGH(-@0)
                 	LD   R0,X+
                 	LD   R27,X
                 	MOV  R26,R0
                 	SUBI R26,LOW(-@1)
                 	SBCI R27,HIGH(-@1)
                 	ST   X+,R30
                 	ST   X,R31
                 	.ENDM
                 
                 	.MACRO __PUTD1SNX
                 	MOVW R26,R28
                 	SUBI R26,LOW(-@0)
                 	SBCI R27,HIGH(-@0)
                 	LD   R0,X+
                 	LD   R27,X
                 	MOV  R26,R0
                 	SUBI R26,LOW(-@1)
                 	SBCI R27,HIGH(-@1)
                 	ST   X+,R30
                 	ST   X+,R31
                 	ST   X+,R22
                 	ST   X,R23
                 	.ENDM
                 
                 	.MACRO __MULBRR
                 	MULS R@0,R@1
                 	MOVW R30,R0
                 	.ENDM
                 
                 	.MACRO __MULBRRU
                 	MUL  R@0,R@1
                 	MOVW R30,R0
                 	.ENDM
                 
                 	.MACRO __MULBRR0
                 	MULS R@0,R@1
                 	.ENDM
                 
                 	.MACRO __MULBRRU0
                 	MUL  R@0,R@1
                 	.ENDM
                 
                 	.MACRO __MULBNWRU
                 	LDI  R26,@2
                 	MUL  R26,R@0
                 	MOVW R30,R0
                 	MUL  R26,R@1
                 	ADD  R31,R0
                 	.ENDM
                 
                 ;NAME DEFINITIONS FOR GLOBAL VARIABLES ALLOCATED TO REGISTERS
                 	.DEF _n=R3
                 	.DEF _n_msb=R4
                 
                 ;GPIOR0 INITIALIZATION VALUE
                 	.EQU __GPIOR0_INIT=0x00
                 
                 	.CSEG
                 	.ORG 0x00
                 
                 ;START OF CODE MARKER
                 __START_OF_CODE:
                 
                 ;INTERRUPT VECTORS
000000 940c 005d 	JMP  __RESET
000002 940c 0000 	JMP  0x00
000004 940c 0000 	JMP  0x00
000006 940c 0000 	JMP  0x00
000008 940c 0000 	JMP  0x00
00000a 940c 0000 	JMP  0x00
00000c 940c 0000 	JMP  0x00
00000e 940c 0000 	JMP  0x00
000010 940c 0000 	JMP  0x00
000012 940c 0000 	JMP  0x00
000014 940c 0000 	JMP  0x00
000016 940c 0000 	JMP  0x00
000018 940c 0000 	JMP  0x00
00001a 940c 0000 	JMP  0x00
00001c 940c 0000 	JMP  0x00
00001e 940c 0000 	JMP  0x00
000020 940c 0000 	JMP  0x00
000022 940c 0000 	JMP  0x00
000024 940c 0000 	JMP  0x00
000026 940c 0000 	JMP  0x00
000028 940c 0000 	JMP  0x00
00002a 940c 0000 	JMP  0x00
00002c 940c 0000 	JMP  0x00
00002e 940c 0000 	JMP  0x00
000030 940c 0000 	JMP  0x00
000032 940c 0000 	JMP  0x00
                 
                 _0x0:
000034 6947
000035 2061
000036 7274
000037 2069      	.DB  0x47,0x69,0x61,0x20,0x74,0x72,0x69,0x20
000038 4441
000039 3a43
00003a 0020
00003b 000a      	.DB  0x41,0x44,0x43,0x3A,0x20,0x0,0xA,0x0
00003c 6947
00003d 2061
00003e 7274
00003f 2069      	.DB  0x47,0x69,0x61,0x20,0x74,0x72,0x69,0x20
000040 6964
000041 6e65
000042 6120
000043 3a70      	.DB  0x64,0x69,0x65,0x6E,0x20,0x61,0x70,0x3A
000044 0020
000045 002e
000046 7620
000047 6c6f      	.DB  0x20,0x0,0x2E,0x0,0x20,0x76,0x6F,0x6C
000048 0a20
D:\thuc hanh he thong nhung\day6_analog_to_digital_converter_adc\Debug\List\analog_to_digital.asm(1466): warning: .cseg .db misalignment - padding zero byte
000049 0000      	.DB  0x20,0xA,0x0
                 
                 __GLOBAL_INI_TBL:
00004a 000e      	.DW  0x0E
00004b 0300      	.DW  _0x16
00004c 0068      	.DW  _0x0*2
                 
00004d 0002      	.DW  0x02
00004e 030e      	.DW  _0x16+14
00004f 0076      	.DW  _0x0*2+14
                 
000050 0002      	.DW  0x02
000051 0310      	.DW  _0x16+16
000052 0076      	.DW  _0x0*2+14
                 
000053 0012      	.DW  0x12
000054 0312      	.DW  _0x16+18
000055 0078      	.DW  _0x0*2+16
                 
000056 0002      	.DW  0x02
000057 0324      	.DW  _0x16+36
000058 008a      	.DW  _0x0*2+34
                 
000059 0007      	.DW  0x07
00005a 0326      	.DW  _0x16+38
00005b 008c      	.DW  _0x0*2+36
                 
                 _0xFFFFFFFF:
00005c 0000      	.DW  0
                 
                 #define __GLOBAL_INI_TBL_PRESENT 1
                 
                 __RESET:
00005d 94f8      	CLI
00005e 27ee      	CLR  R30
00005f bbef      	OUT  EECR,R30
                 
                 ;INTERRUPT VECTORS ARE PLACED
                 ;AT THE START OF FLASH
000060 e0f1      	LDI  R31,1
000061 bff5      	OUT  MCUCR,R31
000062 bfe5      	OUT  MCUCR,R30
                 
                 ;CLEAR R2-R14
000063 e08d      	LDI  R24,(14-2)+1
000064 e0a2      	LDI  R26,2
000065 27bb      	CLR  R27
                 __CLEAR_REG:
000066 93ed      	ST   X+,R30
000067 958a      	DEC  R24
000068 f7e9      	BRNE __CLEAR_REG
                 
                 ;CLEAR SRAM
000069 e080      	LDI  R24,LOW(__CLEAR_SRAM_SIZE)
00006a e098      	LDI  R25,HIGH(__CLEAR_SRAM_SIZE)
00006b e0a0      	LDI  R26,LOW(__SRAM_START)
00006c e0b1      	LDI  R27,HIGH(__SRAM_START)
                 __CLEAR_SRAM:
00006d 93ed      	ST   X+,R30
00006e 9701      	SBIW R24,1
00006f f7e9      	BRNE __CLEAR_SRAM
                 
                 ;GLOBAL VARIABLES INITIALIZATION
000070 e9e4      	LDI  R30,LOW(__GLOBAL_INI_TBL*2)
000071 e0f0      	LDI  R31,HIGH(__GLOBAL_INI_TBL*2)
                 __GLOBAL_INI_NEXT:
000072 9185      	LPM  R24,Z+
000073 9195      	LPM  R25,Z+
000074 9700      	SBIW R24,0
000075 f061      	BREQ __GLOBAL_INI_END
000076 91a5      	LPM  R26,Z+
000077 91b5      	LPM  R27,Z+
000078 9005      	LPM  R0,Z+
000079 9015      	LPM  R1,Z+
00007a 01bf      	MOVW R22,R30
00007b 01f0      	MOVW R30,R0
                 __GLOBAL_INI_LOOP:
00007c 9005      	LPM  R0,Z+
00007d 920d      	ST   X+,R0
00007e 9701      	SBIW R24,1
00007f f7e1      	BRNE __GLOBAL_INI_LOOP
000080 01fb      	MOVW R30,R22
000081 cff0      	RJMP __GLOBAL_INI_NEXT
                 __GLOBAL_INI_END:
                 
                 ;GPIOR0 INITIALIZATION
000082 e0e0      	LDI  R30,__GPIOR0_INIT
000083 bbee      	OUT  GPIOR0,R30
                 
                 ;HARDWARE STACK POINTER INITIALIZATION
000084 efef      	LDI  R30,LOW(__SRAM_END-__HEAP_SIZE)
000085 bfed      	OUT  SPL,R30
000086 e0e8      	LDI  R30,HIGH(__SRAM_END-__HEAP_SIZE)
000087 bfee      	OUT  SPH,R30
                 
                 ;DATA STACK POINTER INITIALIZATION
000088 e0c0      	LDI  R28,LOW(__SRAM_START+__DSTACK_SIZE)
000089 e0d3      	LDI  R29,HIGH(__SRAM_START+__DSTACK_SIZE)
                 
00008a 940c 0109 	JMP  _main
                 
                 	.ESEG
                 	.ORG 0x00
                 
                 	.DSEG
                 	.ORG 0x300
                 
                 	.CSEG
                 	#ifndef __SLEEP_DEFINED__
                 	#define __SLEEP_DEFINED__
                 	.EQU __se_bit=0x01
                 	.EQU __sm_mask=0x0E
                 	.EQU __sm_adc_noise_red=0x02
                 	.EQU __sm_powerdown=0x04
                 	.EQU __sm_powersave=0x06
                 	.EQU __sm_standby=0x0C
                 	.EQU __sm_ext_standby=0x0E
                 	.SET power_ctrl_reg=smcr
                 	#endif
                 
                 	.CSEG
                 _uart_init:
                 ; .FSTART _uart_init
00008c e6e7      	LDI  R30,LOW(103)
00008d e0f0      	LDI  R31,HIGH(103)
                +
00008e 2e3e     +MOV R3 , R30
00008f 2e4f     +MOV R4 , R31
                 	__PUTW1R 3,4
                +
000090 2fef     +MOV R30 , R31
000091 27ff     +CLR R31
000092 fde7     +SBRC R30 , 7
000093 efff     +SER R31
                 	__ASRW8
000094 93e0 00c5 	STS  197,R30
000096 9230 00c4 	STS  196,R3
000098 e0e6      	LDI  R30,LOW(6)
000099 93e0 00c2 	STS  194,R30
00009b e9e8      	LDI  R30,LOW(152)
00009c 93e0 00c1 	STS  193,R30
00009e 9478      	SEI
00009f 9508      	RET
                 ; .FEND
                 _putchar:
                 ; .FSTART _putchar
0000a0 931a      	ST   -Y,R17
0000a1 2f1a      	MOV  R17,R26
                 ;	data -> R17
                 _0x3:
0000a2 91e0 00c0 	LDS  R30,192
0000a4 72e0      	ANDI R30,LOW(0x20)
0000a5 f3e1      	BREQ _0x3
0000a6 9310 00c6 	STS  198,R17
0000a8 c05e      	RJMP _0x2000001
                 ; .FEND
                 _putstring:
                 ; .FSTART _putstring
0000a9 931a      	ST   -Y,R17
0000aa 930a      	ST   -Y,R16
0000ab 018d      	MOVW R16,R26
                 ;	*str -> R16,R17
                 _0x6:
0000ac 01d8      	MOVW R26,R16
0000ad 91ec      	LD   R30,X
0000ae 30e0      	CPI  R30,0
0000af f059      	BREQ _0x8
0000b0 91ac      	LD   R26,X
0000b1 dfee      	RCALL _putchar
0000b2 01d8      	MOVW R26,R16
0000b3 91ac      	LD   R26,X
0000b4 30aa      	CPI  R26,LOW(0xA)
0000b5 f411      	BRNE _0x9
0000b6 e0ad      	LDI  R26,LOW(13)
0000b7 dfe8      	RCALL _putchar
                 _0x9:
                +
0000b8 5f0f     +SUBI R16 , LOW ( - 1 )
0000b9 4f1f     +SBCI R17 , HIGH ( - 1 )
                 	__ADDWRN 16,17,1
0000ba cff1      	RJMP _0x6
                 _0x8:
0000bb 9109      	LD   R16,Y+
0000bc 9119      	LD   R17,Y+
0000bd 9508      	RET
                 ; .FEND
                 _put_int:
                 ; .FSTART _put_int
0000be 93ba      	ST   -Y,R27
0000bf 93aa      	ST   -Y,R26
0000c0 9728      	SBIW R28,8
0000c1 d0d8      	RCALL __SAVELOCR6
                 ;	value -> Y+14
                 ;	buf -> Y+6
                 ;	index -> R16,R17
                 ;	i -> R18,R19
                 ;	j -> R20,R21
                +
0000c2 e000     +LDI R16 , LOW ( 0 )
0000c3 e010     +LDI R17 , HIGH ( 0 )
                 	__GETWRN 16,17,0
                +
0000c4 854e     +LDD R20 , Y + 14
0000c5 855f     +LDD R21 , Y + 14 + 1
                 	__GETWRS 20,21,14
                 _0xB:
0000c6 01f8      	MOVW R30,R16
0000c7 01de      	MOVW R26,R28
0000c8 9616      	ADIW R26,6
0000c9 0fea      	ADD  R30,R26
0000ca 1ffb      	ADC  R31,R27
0000cb 01bf      	MOVW R22,R30
0000cc 01da      	MOVW R26,R20
0000cd e0ea      	LDI  R30,LOW(10)
0000ce e0f0      	LDI  R31,HIGH(10)
0000cf d140      	RCALL __MODW21
0000d0 5de0      	SUBI R30,-LOW(48)
0000d1 01db      	MOVW R26,R22
0000d2 93ec      	ST   X,R30
0000d3 01da      	MOVW R26,R20
0000d4 e0ea      	LDI  R30,LOW(10)
0000d5 e0f0      	LDI  R31,HIGH(10)
0000d6 d110      	RCALL __DIVW21
0000d7 01af      	MOVW R20,R30
                +
0000d8 5f0f     +SUBI R16 , LOW ( - 1 )
0000d9 4f1f     +SBCI R17 , HIGH ( - 1 )
                 	__ADDWRN 16,17,1
0000da 2e04      	MOV  R0,R20
0000db 2a05      	OR   R0,R21
0000dc f749      	BRNE _0xB
0000dd 0198      	MOVW R18,R16
                 _0xE:
0000de 2400      	CLR  R0
0000df 1602      	CP   R0,R18
0000e0 0603      	CPC  R0,R19
0000e1 f45c      	BRGE _0xF
0000e2 01f9      	MOVW R30,R18
0000e3 9731      	SBIW R30,1
0000e4 01de      	MOVW R26,R28
0000e5 9616      	ADIW R26,6
0000e6 0fae      	ADD  R26,R30
0000e7 1fbf      	ADC  R27,R31
0000e8 91ac      	LD   R26,X
0000e9 dfb6      	RCALL _putchar
                +
0000ea 5021     +SUBI R18 , LOW ( 1 )
0000eb 4030     +SBCI R19 , HIGH ( 1 )
                 	__SUBWRN 18,19,1
0000ec cff1      	RJMP _0xE
                 _0xF:
0000ed d0b3      	RCALL __LOADLOCR6
0000ee 9660      	ADIW R28,16
0000ef 9508      	RET
                 ; .FEND
                 _adc_init:
                 ; .FSTART _adc_init
0000f0 d083      	RCALL SUBOPT_0x0
                 ;	input -> R17
0000f1 e8e7      	LDI  R30,LOW(135)
0000f2 93e0 007a 	STS  122,R30
0000f4 d086      	RCALL SUBOPT_0x1
0000f5 c011      	RJMP _0x2000001
                 ; .FEND
                 _ADC_read:
                 ; .FSTART _ADC_read
0000f6 d07d      	RCALL SUBOPT_0x0
                 ;	input -> R17
0000f7 d083      	RCALL SUBOPT_0x1
0000f8 91e0 007a 	LDS  R30,122
0000fa 64e0      	ORI  R30,0x40
0000fb 93e0 007a 	STS  122,R30
                 _0x10:
0000fd 91e0 007a 	LDS  R30,122
0000ff 71e0      	ANDI R30,LOW(0x10)
000100 f3e1      	BREQ _0x10
000101 91e0 007a 	LDS  R30,122
000103 61e0      	ORI  R30,0x10
000104 93e0 007a 	STS  122,R30
000106 d081      	RCALL SUBOPT_0x2
                 _0x2000001:
000107 9119      	LD   R17,Y+
000108 9508      	RET
                 ; .FEND
                 ;void main(void)
                 ; 0000 0013 {
                 _main:
                 ; .FSTART _main
                 ; 0000 0014 adc_init(0);
000109 e0a0      	LDI  R26,LOW(0)
00010a dfe5      	RCALL _adc_init
                 ; 0000 0015 uart_init();
00010b df80      	RCALL _uart_init
                 ; 0000 0016 
                 ; 0000 0017 while (1)
                 _0x13:
                 ; 0000 0018 {
                 ; 0000 0019 // Please write your application code here
                 ; 0000 001A 
                 ; 0000 001B ADC_read(0);
00010c e0a0      	LDI  R26,LOW(0)
00010d dfe8      	RCALL _ADC_read
                 ; 0000 001C ADC_val = ADCW;
00010e d079      	RCALL SUBOPT_0x2
00010f 2766      	CLR  R22
000110 2777      	CLR  R23
000111 93e0 032d 	STS  _ADC_val,R30
000113 93f0 032e 	STS  _ADC_val+1,R31
000115 9360 032f 	STS  _ADC_val+2,R22
000117 9370 0330 	STS  _ADC_val+3,R23
                 ; 0000 001D putstring("Gia tri ADC: ");
                +
000119 e0a0     +LDI R26 , LOW ( _0x16 + ( 0 ) )
00011a e0b3     +LDI R27 , HIGH ( _0x16 + ( 0 ) )
                 	__POINTW2MN _0x16,0
00011b df8d      	RCALL _putstring
                 ; 0000 001E put_int(ADC_val);
00011c 91a0 032d 	LDS  R26,_ADC_val
00011e 91b0 032e 	LDS  R27,_ADC_val+1
000120 df9d      	RCALL _put_int
                 ; 0000 001F putstring("\n");
                +
000121 e0ae     +LDI R26 , LOW ( _0x16 + ( 14 ) )
000122 e0b3     +LDI R27 , HIGH ( _0x16 + ( 14 ) )
                 	__POINTW2MN _0x16,14
000123 df85      	RCALL _putstring
                 ; 0000 0020 voltage_val = ADC_val*500/1024;
000124 91e0 032d 	LDS  R30,_ADC_val
000126 91f0 032e 	LDS  R31,_ADC_val+1
000128 9160 032f 	LDS  R22,_ADC_val+2
00012a 9170 0330 	LDS  R23,_ADC_val+3
                +
00012c efa4     +LDI R26 , LOW ( 0x1F4 )
00012d e0b1     +LDI R27 , HIGH ( 0x1F4 )
00012e e080     +LDI R24 , BYTE3 ( 0x1F4 )
00012f e090     +LDI R25 , BYTE4 ( 0x1F4 )
                 	__GETD2N 0x1F4
000130 d083      	RCALL __MULD12U
000131 01df      	MOVW R26,R30
000132 01cb      	MOVW R24,R22
                +
000133 e0e0     +LDI R30 , LOW ( 0x400 )
000134 e0f4     +LDI R31 , HIGH ( 0x400 )
000135 e060     +LDI R22 , BYTE3 ( 0x400 )
000136 e070     +LDI R23 , BYTE4 ( 0x400 )
                 	__GETD1N 0x400
000137 d0b4      	RCALL __DIVD21U
000138 93e0 0331 	STS  _voltage_val,R30
00013a 93f0 0332 	STS  _voltage_val+1,R31
00013c 9360 0333 	STS  _voltage_val+2,R22
00013e 9370 0334 	STS  _voltage_val+3,R23
                 ; 0000 0021 put_int(voltage_val);
000140 91a0 0331 	LDS  R26,_voltage_val
000142 91b0 0332 	LDS  R27,_voltage_val+1
000144 df79      	RCALL _put_int
                 ; 0000 0022 putstring("\n");
                +
000145 e1a0     +LDI R26 , LOW ( _0x16 + ( 16 ) )
000146 e0b3     +LDI R27 , HIGH ( _0x16 + ( 16 ) )
                 	__POINTW2MN _0x16,16
000147 df61      	RCALL _putstring
                 ; 0000 0023 
                 ; 0000 0024 demi_part = voltage_val % 100;
000148 d044      	RCALL SUBOPT_0x3
000149 d0d4      	RCALL __MODD21U
00014a 93e0 0335 	STS  _demi_part,R30
00014c 93f0 0336 	STS  _demi_part+1,R31
00014e 9360 0337 	STS  _demi_part+2,R22
000150 9370 0338 	STS  _demi_part+3,R23
                 ; 0000 0025 int_part = voltage_val / 100;
000152 d03a      	RCALL SUBOPT_0x3
000153 d098      	RCALL __DIVD21U
000154 93e0 0339 	STS  _int_part,R30
000156 93f0 033a 	STS  _int_part+1,R31
000158 9360 033b 	STS  _int_part+2,R22
00015a 9370 033c 	STS  _int_part+3,R23
                 ; 0000 0026 putstring("Gia tri dien ap: ");
                +
00015c e1a2     +LDI R26 , LOW ( _0x16 + ( 18 ) )
00015d e0b3     +LDI R27 , HIGH ( _0x16 + ( 18 ) )
                 	__POINTW2MN _0x16,18
00015e df4a      	RCALL _putstring
                 ; 0000 0027 put_int(int_part);
00015f 91a0 0339 	LDS  R26,_int_part
000161 91b0 033a 	LDS  R27,_int_part+1
000163 df5a      	RCALL _put_int
                 ; 0000 0028 putstring(".");
                +
000164 e2a4     +LDI R26 , LOW ( _0x16 + ( 36 ) )
000165 e0b3     +LDI R27 , HIGH ( _0x16 + ( 36 ) )
                 	__POINTW2MN _0x16,36
000166 df42      	RCALL _putstring
                 ; 0000 0029 put_int(demi_part);
000167 91a0 0335 	LDS  R26,_demi_part
000169 91b0 0336 	LDS  R27,_demi_part+1
00016b df52      	RCALL _put_int
                 ; 0000 002A putstring(" vol \n");
                +
00016c e2a6     +LDI R26 , LOW ( _0x16 + ( 38 ) )
00016d e0b3     +LDI R27 , HIGH ( _0x16 + ( 38 ) )
                 	__POINTW2MN _0x16,38
00016e df3a      	RCALL _putstring
                 ; 0000 002B delay_ms(3000);
00016f eba8      	LDI  R26,LOW(3000)
000170 e0bb      	LDI  R27,HIGH(3000)
000171 d0be      	RCALL _delay_ms
                 ; 0000 002C 
                 ; 0000 002D 
                 ; 0000 002E }
000172 cf99      	RJMP _0x13
                 ; 0000 002F }
                 _0x17:
000173 cfff      	RJMP _0x17
                 ; .FEND
                 
                 	.DSEG
                 _0x16:
000300           	.BYTE 0x2D
                 
                 	.DSEG
                 _ADC_val:
00032d           	.BYTE 0x4
                 _voltage_val:
000331           	.BYTE 0x4
                 _demi_part:
000335           	.BYTE 0x4
                 _int_part:
000339           	.BYTE 0x4
                 
                 	.CSEG
                 ;OPTIMIZER ADDED SUBROUTINE, CALLED 2 TIMES, CODE SIZE REDUCTION:3 WORDS
                 SUBOPT_0x0:
000174 931a      	ST   -Y,R17
000175 2f1a      	MOV  R17,R26
000176 2fe1      	MOV  R30,R17
000177 64e0      	ORI  R30,0x40
000178 93e0 007c 	STS  124,R30
00017a 9508      	RET
                 
                 ;OPTIMIZER ADDED SUBROUTINE, CALLED 2 TIMES, CODE SIZE REDUCTION:10 WORDS
                 SUBOPT_0x1:
00017b e7ae      	LDI  R26,LOW(126)
00017c e0b0      	LDI  R27,HIGH(126)
00017d 2f6a      	MOV  R22,R26
00017e 901c      	LD   R1,X
00017f 2fe1      	MOV  R30,R17
000180 e0a1      	LDI  R26,LOW(1)
000181 d02a      	RCALL __LSLB12
000182 29e1      	OR   R30,R1
000183 2fa6      	MOV  R26,R22
000184 93ec      	ST   X,R30
000185 e0aa      	LDI  R26,LOW(10)
000186 e0b0      	LDI  R27,0
000187 c0a8      	RJMP _delay_ms
                 
                 ;OPTIMIZER ADDED SUBROUTINE, CALLED 2 TIMES, CODE SIZE REDUCTION:1 WORDS
                 SUBOPT_0x2:
000188 91e0 0078 	LDS  R30,120
00018a 91f0 0079 	LDS  R31,120+1
00018c 9508      	RET
                 
                 ;OPTIMIZER ADDED SUBROUTINE, CALLED 2 TIMES, CODE SIZE REDUCTION:9 WORDS
                 SUBOPT_0x3:
00018d 91a0 0331 	LDS  R26,_voltage_val
00018f 91b0 0332 	LDS  R27,_voltage_val+1
000191 9180 0333 	LDS  R24,_voltage_val+2
000193 9190 0334 	LDS  R25,_voltage_val+3
                +
000195 e6e4     +LDI R30 , LOW ( 0x64 )
000196 e0f0     +LDI R31 , HIGH ( 0x64 )
000197 e060     +LDI R22 , BYTE3 ( 0x64 )
000198 e070     +LDI R23 , BYTE4 ( 0x64 )
                 	__GETD1N 0x64
000199 9508      	RET
                 
                 ;RUNTIME LIBRARY
                 
                 	.CSEG
                 __SAVELOCR6:
00019a 935a      	ST   -Y,R21
                 __SAVELOCR5:
00019b 934a      	ST   -Y,R20
                 __SAVELOCR4:
00019c 933a      	ST   -Y,R19
                 __SAVELOCR3:
00019d 932a      	ST   -Y,R18
                 __SAVELOCR2:
00019e 931a      	ST   -Y,R17
00019f 930a      	ST   -Y,R16
0001a0 9508      	RET
                 
                 __LOADLOCR6:
0001a1 815d      	LDD  R21,Y+5
                 __LOADLOCR5:
0001a2 814c      	LDD  R20,Y+4
                 __LOADLOCR4:
0001a3 813b      	LDD  R19,Y+3
                 __LOADLOCR3:
0001a4 812a      	LDD  R18,Y+2
                 __LOADLOCR2:
0001a5 8119      	LDD  R17,Y+1
0001a6 8108      	LD   R16,Y
0001a7 9508      	RET
                 
                 __ANEGW1:
0001a8 95f1      	NEG  R31
0001a9 95e1      	NEG  R30
0001aa 40f0      	SBCI R31,0
0001ab 9508      	RET
                 
                 __LSLB12:
0001ac 23ee      	TST  R30
0001ad 2e0e      	MOV  R0,R30
0001ae 2fea      	MOV  R30,R26
0001af f019      	BREQ __LSLB12R
                 __LSLB12L:
0001b0 0fee      	LSL  R30
0001b1 940a      	DEC  R0
0001b2 f7e9      	BRNE __LSLB12L
                 __LSLB12R:
0001b3 9508      	RET
                 
                 __MULD12U:
0001b4 9f7a      	MUL  R23,R26
0001b5 2d70      	MOV  R23,R0
0001b6 9f6b      	MUL  R22,R27
0001b7 0d70      	ADD  R23,R0
0001b8 9ff8      	MUL  R31,R24
0001b9 0d70      	ADD  R23,R0
0001ba 9fe9      	MUL  R30,R25
0001bb 0d70      	ADD  R23,R0
0001bc 9f6a      	MUL  R22,R26
0001bd 2d60      	MOV  R22,R0
0001be 0d71      	ADD  R23,R1
0001bf 9ffb      	MUL  R31,R27
0001c0 0d60      	ADD  R22,R0
0001c1 1d71      	ADC  R23,R1
0001c2 9fe8      	MUL  R30,R24
0001c3 0d60      	ADD  R22,R0
0001c4 1d71      	ADC  R23,R1
0001c5 2788      	CLR  R24
0001c6 9ffa      	MUL  R31,R26
0001c7 2df0      	MOV  R31,R0
0001c8 0d61      	ADD  R22,R1
0001c9 1f78      	ADC  R23,R24
0001ca 9feb      	MUL  R30,R27
0001cb 0df0      	ADD  R31,R0
0001cc 1d61      	ADC  R22,R1
0001cd 1f78      	ADC  R23,R24
0001ce 9fea      	MUL  R30,R26
0001cf 2de0      	MOV  R30,R0
0001d0 0df1      	ADD  R31,R1
0001d1 1f68      	ADC  R22,R24
0001d2 1f78      	ADC  R23,R24
0001d3 9508      	RET
                 
                 __DIVW21U:
0001d4 2400      	CLR  R0
0001d5 2411      	CLR  R1
0001d6 e190      	LDI  R25,16
                 __DIVW21U1:
0001d7 0faa      	LSL  R26
0001d8 1fbb      	ROL  R27
0001d9 1c00      	ROL  R0
0001da 1c11      	ROL  R1
0001db 1a0e      	SUB  R0,R30
0001dc 0a1f      	SBC  R1,R31
0001dd f418      	BRCC __DIVW21U2
0001de 0e0e      	ADD  R0,R30
0001df 1e1f      	ADC  R1,R31
0001e0 c001      	RJMP __DIVW21U3
                 __DIVW21U2:
0001e1 60a1      	SBR  R26,1
                 __DIVW21U3:
0001e2 959a      	DEC  R25
0001e3 f799      	BRNE __DIVW21U1
0001e4 01fd      	MOVW R30,R26
0001e5 01d0      	MOVW R26,R0
0001e6 9508      	RET
                 
                 __DIVW21:
0001e7 d03a      	RCALL __CHKSIGNW
0001e8 dfeb      	RCALL __DIVW21U
0001e9 f40e      	BRTC __DIVW211
0001ea dfbd      	RCALL __ANEGW1
                 __DIVW211:
0001eb 9508      	RET
                 
                 __DIVD21U:
0001ec 933f      	PUSH R19
0001ed 934f      	PUSH R20
0001ee 935f      	PUSH R21
0001ef 2400      	CLR  R0
0001f0 2411      	CLR  R1
0001f1 01a0      	MOVW R20,R0
0001f2 e230      	LDI  R19,32
                 __DIVD21U1:
0001f3 0faa      	LSL  R26
0001f4 1fbb      	ROL  R27
0001f5 1f88      	ROL  R24
0001f6 1f99      	ROL  R25
0001f7 1c00      	ROL  R0
0001f8 1c11      	ROL  R1
0001f9 1f44      	ROL  R20
0001fa 1f55      	ROL  R21
0001fb 1a0e      	SUB  R0,R30
0001fc 0a1f      	SBC  R1,R31
0001fd 0b46      	SBC  R20,R22
0001fe 0b57      	SBC  R21,R23
0001ff f428      	BRCC __DIVD21U2
000200 0e0e      	ADD  R0,R30
000201 1e1f      	ADC  R1,R31
000202 1f46      	ADC  R20,R22
000203 1f57      	ADC  R21,R23
000204 c001      	RJMP __DIVD21U3
                 __DIVD21U2:
000205 60a1      	SBR  R26,1
                 __DIVD21U3:
000206 953a      	DEC  R19
000207 f759      	BRNE __DIVD21U1
000208 01fd      	MOVW R30,R26
000209 01bc      	MOVW R22,R24
00020a 01d0      	MOVW R26,R0
00020b 01ca      	MOVW R24,R20
00020c 915f      	POP  R21
00020d 914f      	POP  R20
00020e 913f      	POP  R19
00020f 9508      	RET
                 
                 __MODW21:
000210 94e8      	CLT
000211 ffb7      	SBRS R27,7
000212 c004      	RJMP __MODW211
000213 95b1      	NEG  R27
000214 95a1      	NEG  R26
000215 40b0      	SBCI R27,0
000216 9468      	SET
                 __MODW211:
000217 fdf7      	SBRC R31,7
000218 df8f      	RCALL __ANEGW1
000219 dfba      	RCALL __DIVW21U
00021a 01fd      	MOVW R30,R26
00021b f40e      	BRTC __MODW212
00021c df8b      	RCALL __ANEGW1
                 __MODW212:
00021d 9508      	RET
                 
                 __MODD21U:
00021e dfcd      	RCALL __DIVD21U
00021f 01fd      	MOVW R30,R26
000220 01bc      	MOVW R22,R24
000221 9508      	RET
                 
                 __CHKSIGNW:
000222 94e8      	CLT
000223 fff7      	SBRS R31,7
000224 c002      	RJMP __CHKSW1
000225 df82      	RCALL __ANEGW1
000226 9468      	SET
                 __CHKSW1:
000227 ffb7      	SBRS R27,7
000228 c006      	RJMP __CHKSW2
000229 95b1      	NEG  R27
00022a 95a1      	NEG  R26
00022b 40b0      	SBCI R27,0
00022c f800      	BLD  R0,0
00022d 9403      	INC  R0
00022e fa00      	BST  R0,0
                 __CHKSW2:
00022f 9508      	RET
                 
                 _delay_ms:
000230 9610      	adiw r26,0
000231 f039      	breq __delay_ms1
                 __delay_ms0:
000232 95a8      	wdr
                +
000233 ed80     +LDI R24 , LOW ( 0x7D0 )
000234 e097     +LDI R25 , HIGH ( 0x7D0 )
                +__DELAY_USW_LOOP :
000235 9701     +SBIW R24 , 1
000236 f7f1     +BRNE __DELAY_USW_LOOP
                 	__DELAY_USW 0x7D0
000237 9711      	sbiw r26,1
000238 f7c9      	brne __delay_ms0
                 __delay_ms1:
000239 9508      	ret
                 
                 ;END OF CODE MARKER
                 __END_OF_CODE:


RESOURCE USE INFORMATION
------------------------

Notice:
The register and instruction counts are symbol table hit counts,
and hence implicitly used resources are not counted, eg, the
'lpm' instruction without operands implicitly uses r0 and z,
none of which are counted.

x,y,z are separate entities in the symbol table and are
counted separately from r26..r31 here.

.dseg memory usage only counts static data declared with .byte

ATmega328P register use summary:
r0 :  35 r1 :  17 r2 :   0 r3 :   2 r4 :   1 r5 :   0 r6 :   0 r7 :   0 
r8 :   0 r9 :   0 r10:   0 r11:   0 r12:   0 r13:   0 r14:   0 r15:   0 
r16:  12 r17:  15 r18:   6 r19:   8 r20:  14 r21:   9 r22:  27 r23:  21 
r24:  23 r25:   9 r26:  63 r27:  32 r28:   5 r29:   1 r30:  82 r31:  34 
x  :  10 y  :  23 z  :   7 
Registers used: 23 out of 35 (65.7%)

ATmega328P instruction use summary:
.lds  :   0 .lds.l:   0 .sts  :   0 .sts.l:   0 adc   :  13 add   :  13 
adiw  :   4 and   :   0 andi  :   2 asr   :   0 bclr  :   0 bld   :   1 
brbc  :   0 brbs  :   0 brcc  :   2 brcs  :   0 break :   0 breq  :   6 
brge  :   1 brhc  :   0 brhs  :   0 brid  :   0 brie  :   0 brlo  :   0 
brlt  :   0 brmi  :   0 brne  :  10 brpl  :   0 brsh  :   0 brtc  :   2 
brts  :   0 brvc  :   0 brvs  :   0 bset  :   0 bst   :   1 call  :   0 
cbi   :   0 cbr   :   0 clc   :   0 clh   :   0 cli   :   1 cln   :   0 
clr   :  11 cls   :   0 clt   :   2 clv   :   0 clz   :   0 com   :   0 
cp    :   1 cpc   :   1 cpi   :   2 cpse  :   0 dec   :   4 des   :   0 
eor   :   0 fmul  :   0 fmuls :   0 fmulsu:   0 icall :   0 ijmp  :   0 
in    :   0 inc   :   1 jmp   :  27 ld    :   9 ldd   :   7 ldi   :  63 
lds   :  22 lpm   :   7 lsl   :   3 lsr   :   0 mov   :  16 movw  :  28 
mul   :  10 muls  :   0 mulsu :   0 neg   :   6 nop   :   0 or    :   2 
ori   :   3 out   :   6 pop   :   3 push  :   3 rcall :  42 ret   :  19 
reti  :   0 rjmp  :  13 rol   :  10 ror   :   0 sbc   :   4 sbci  :   6 
sbi   :   0 sbic  :   0 sbis  :   0 sbiw  :   7 sbr   :   2 sbrc  :   2 
sbrs  :   3 sec   :   0 seh   :   0 sei   :   1 sen   :   0 ser   :   1 
ses   :   0 set   :   2 sev   :   0 sez   :   0 sleep :   0 spm   :   0 
st    :  17 std   :   0 sts   :  25 sub   :   2 subi  :   4 swap  :   0 
tst   :   1 wdr   :   1 
Instructions used: 54 out of 116 (46.6%)

ATmega328P memory use summary [bytes]:
Segment   Begin    End      Code   Data   Used    Size   Use%
---------------------------------------------------------------
[.cseg] 0x000000 0x000474   1058     82   1140   32768   3.5%
[.dseg] 0x000100 0x00033d      0     61     61    2048   3.0%
[.eseg] 0x000000 0x000000      0      0      0    1024   0.0%

Assembly complete, 0 errors, 3 warnings
