\BOOKMARK [0][-]{section*.8}{\376\377\000L\036\335\000i\000\040\000c\036\243\000m\000\040\001\241\000n}{}% 1
\BOOKMARK [0][-]{chapter*.10}{\376\377\000D\000a\000n\000h\000\040\000s\000\341\000c\000h\000\040\000h\000\354\000n\000h\000\040\000v\036\275}{}% 2
\BOOKMARK [0][-]{chapter*.11}{\376\377\000D\000a\000n\000h\000\040\000s\000\341\000c\000h\000\040\000t\000\352\000n\000\040\000v\000i\036\277\000t\000\040\000t\036\257\000t}{}% 3
\BOOKMARK [0][-]{chapter*.13}{\376\377\000M\036\336\000\040\001\020\036\246\000U}{}% 4
\BOOKMARK [0][-]{chapter.14}{\376\377\000\040\000T\036\324\000N\000G\000\040\000Q\000U\000A\000N\000\040\000V\036\300\000\040\000P\000I\000D}{}% 5
\BOOKMARK [1][-]{section.15}{\376\377\000G\000i\036\333\000i\000\040\000t\000h\000i\036\307\000u\000\040\000c\000h\000u\000n\000g}{chapter.14}% 6
\BOOKMARK [1][-]{section.16}{\376\377\000C\001\241\000\040\000b\036\243\000n\000\040\000v\036\301\000\040\000v\000\362\000n\000g\000\040\001\021\000i\036\301\000u\000\040\000k\000h\000i\036\303\000n}{chapter.14}% 7
\BOOKMARK [1][-]{section.17}{\376\377\000C\036\245\000u\000\040\000t\000r\000\372\000c\000\040\000c\036\347\000a\000\040\000b\036\331\000\040\001\021\000i\036\301\000u\000\040\000k\000h\000i\036\303\000n\000\040\000P\000I\000D}{chapter.14}% 8
\BOOKMARK [2][-]{subsection.21}{\376\377\000T\000h\000\340\000n\000h\000\040\000p\000h\036\247\000n\000\040\000t\036\311\000\040\000l\036\307}{section.17}% 9
\BOOKMARK [2][-]{subsection.23}{\376\377\000T\000h\000\340\000n\000h\000\040\000p\000h\036\247\000n\000\040\000t\000\355\000c\000h\000\040\000p\000h\000\342\000n}{section.17}% 10
\BOOKMARK [2][-]{subsection.25}{\376\377\000T\000h\000\340\000n\000h\000\040\000p\000h\036\247\000n\000\040\001\021\036\241\000o\000\040\000h\000\340\000m}{section.17}% 11
\BOOKMARK [1][-]{section.27}{\376\377\000M\036\331\000t\000\040\000s\036\321\000\040\000b\036\331\000\040\001\021\000i\036\301\000u\000\040\000k\000h\000i\036\303\000n\000\040\001\021\001\260\036\343\000c\000\040\000x\000\342\000y\000\040\000d\036\361\000n\000g\000\040\000t\036\353\000\040\000P\000,\000\040\000I\000\040\000v\000\340\000\040\000D}{chapter.14}% 12
\BOOKMARK [2][-]{subsection.28}{\376\377\000B\036\331\000\040\001\021\000i\036\301\000u\000\040\000k\000h\000i\036\303\000n\000\040\000t\036\367\000\040\000l\036\307\000\040\000t\000\355\000c\000h\000\040\000p\000h\000\342\000n}{section.27}% 13
\BOOKMARK [2][-]{subsection.31}{\376\377\000B\036\331\000\040\001\021\000i\036\301\000u\000\040\000k\000h\000i\036\303\000n\000\040\000t\036\367\000\040\000l\036\307\000\040\001\021\036\241\000o\000\040\000h\000\340\000m}{section.27}% 14
\BOOKMARK [2][-]{subsection.34}{\376\377\000B\036\331\000\040\001\021\000i\036\301\000u\000\040\000k\000h\000i\036\303\000n\000\040\000t\036\367\000\040\000l\036\307\000\040\000-\000\040\000t\000\355\000c\000h\000\040\000p\000h\000\342\000n\000\040\000-\000\040\001\021\036\241\000o\000\040\000h\000\340\000m}{section.27}% 15
\BOOKMARK [1][-]{section.35}{\376\377\000C\000\341\000c\000\040\000t\000h\000\340\000n\000h\000\040\000p\000h\036\247\000n\000\040\001\021\036\331\000\040\000l\036\343\000i\000\040\000c\036\347\000a\000\040\000h\036\307\000\040\000t\000h\036\321\000n\000g}{chapter.14}% 16
\BOOKMARK [2][-]{subsection.36}{\376\377\001\020\036\331\000\040\000l\036\343\000i\000\040\000t\036\367\000\040\000l\036\307}{section.35}% 17
\BOOKMARK [2][-]{subsection.38}{\376\377\001\020\036\331\000\040\000l\036\343\000i\000\040\000t\000\355\000c\000h\000\040\000p\000h\000\342\000n}{section.35}% 18
\BOOKMARK [2][-]{subsection.40}{\376\377\001\020\036\331\000\040\000l\036\343\000i\000\040\001\021\036\241\000o\000\040\000h\000\340\000m}{section.35}% 19
\BOOKMARK [1][-]{section.42}{\376\377\000M\036\331\000t\000\040\000s\036\321\000\040\000p\000h\001\260\001\241\000n\000g\000\040\000p\000h\000\341\000p\000\040\001\021\000i\036\303\000u\000\040\000c\000h\036\311\000n\000h\000\040\000t\000h\000\364\000n\000g\000\040\000s\036\321\000\040\000P\000I\000D}{chapter.14}% 20
\BOOKMARK [2][-]{subsection.43}{\376\377\000P\000h\001\260\001\241\000n\000g\000\040\000p\000h\000\341\000p\000\040\001\021\000i\036\301\000u\000\040\000c\000h\036\311\000n\000h\000\040\000t\000h\036\347\000\040\000c\000\364\000n\000g}{section.42}% 21
\BOOKMARK [2][-]{subsection.44}{\376\377\000P\000h\001\260\001\241\000n\000g\000\040\000p\000h\000\341\000p\000\040\000Z\000i\000e\000g\000l\000e\000r\040\023\000N\000i\000c\000h\000o\000l\000s\000\040\0002}{section.42}% 22
\BOOKMARK [2][-]{subsection.49}{\376\377\000P\000h\001\260\001\241\000n\000g\000\040\000p\000h\000\341\000p\000\040\000s\036\355\000\040\000d\036\345\000n\000g\000\040\000p\000h\036\247\000n\000\040\000m\036\301\000m\000\040\000c\000h\000u\000y\000\352\000n\000\040\000d\036\345\000n\000g}{section.42}% 23
\BOOKMARK [0][-]{chapter.51}{\376\377\000T\000H\000I\036\276\000T\000\040\000K\036\276\000\040\000H\036\306\000\040\000T\000H\036\320\000N\000G}{}% 24
\BOOKMARK [1][-]{section.52}{\376\377\000G\000i\036\333\000i\000\040\000t\000h\000i\036\307\000u}{chapter.51}% 25
\BOOKMARK [1][-]{section.53}{\376\377\001\020\000i\036\301\000u\000\040\000k\000h\000i\036\303\000n\000\040\000v\036\313\000\040\000t\000r\000\355\000\040\000g\000\363\000c\000\040\000q\000u\000a\000y\000\040\001\021\036\331\000n\000g\000\040\000c\001\241\000\040\000D\000C\000\040\000E\000n\000c\000o\000d\000e\000r\000\040\000s\036\355\000\040\000d\036\345\000n\000g\000\040\000t\000h\000u\036\255\000t\000\040\000t\000o\000\341\000n\000\040\000P\000I\000D}{chapter.51}% 26
\BOOKMARK [2][-]{subsection.54}{\376\377\000T\036\325\000n\000g\000\040\000q\000u\000a\000n}{section.53}% 27
\BOOKMARK [2][-]{subsection.55}{\376\377\000L\000\375\000\040\000t\000h\000u\000y\036\277\000t}{section.53}% 28
\BOOKMARK [2][-]{subsection.57}{\376\377\000M\036\331\000t\000\040\000s\036\321\000\040\000c\000h\036\351\000c\000\040\000n\001\003\000n\000g\000\040\001\021\001\260\036\343\000c\000\040\000s\036\355\000\040\000d\036\345\000n\000g\000\040\000t\000r\000o\000n\000g\000\040\000m\000\364\000\040\000h\000\354\000n\000h}{section.53}% 29
\BOOKMARK [3][-]{subsubsection*.58}{\376\377\000N\000g\036\257\000t\000\040\000n\000g\000o\000\340\000i\000\040\000-\000\040\000E\000x\000t\000e\000r\000n\000a\000l\000\040\000I\000n\000t\000e\000r\000r\000u\000p\000t}{subsection.57}% 30
\BOOKMARK [3][-]{subsubsection*.60}{\376\377\000T\036\241\000o\000\040\000x\000u\000n\000g\000\040\000F\000a\000s\000t\000\040\000P\000W\000M}{subsection.57}% 31
\BOOKMARK [3][-]{subsubsection*.65}{\376\377\000A\000n\000a\000l\000o\000g\000\040\000t\000o\000\040\000D\000i\000g\000i\000t\000a\000l\000\040\000C\000o\000n\000v\000e\000r\000t\000e\000r\000\040\000\050\000A\000D\000C\000\051}{subsection.57}% 32
\BOOKMARK [3][-]{subsubsection*.68}{\376\377\000G\000i\000a\000o\000\040\000t\000i\036\277\000p\000\040\000T\000W\000I}{subsection.57}% 33
\BOOKMARK [3][-]{subsubsection*.69}{\376\377\000G\000i\000a\000o\000\040\000t\000i\036\277\000p\000\040\000U\000S\000A\000R\000T}{subsection.57}% 34
\BOOKMARK [2][-]{subsection.71}{\376\377\036\242\000n\000h\000\040\000m\000\364\000\040\000h\000\354\000n\000h}{section.53}% 35
\BOOKMARK [2][-]{subsection.73}{\376\377\000S\001\241\000\040\001\021\036\323\000\040\000l\000i\000n\000h\000\040\000k\000i\036\307\000n}{section.53}% 36
\BOOKMARK [2][-]{subsection.75}{\376\377\000T\000h\000i\036\277\000t\000\040\000k\036\277\000\040\000m\036\241\000c\000h\000\040\000i\000n}{section.53}% 37
\BOOKMARK [2][-]{subsection.77}{\376\377\000T\000h\000i\036\277\000t\000\040\000k\036\277\000\040\000v\036\317\000\040\000h\036\331\000p}{section.53}% 38
\BOOKMARK [2][-]{subsection.79}{\376\377\000P\000h\001\260\001\241\000n\000g\000\040\000p\000h\000\341\000p\000\040\000t\000\354\000m\000\040\000K\000p\000,\000\040\000K\000i\000,\000\040\000K\000d}{section.53}% 39
\BOOKMARK [3][-]{subsubsection*.80}{\376\377\000V\036\333\000i\000\040\000b\036\331\000\040\001\021\000i\036\301\000u\000\040\000k\000h\000i\036\303\000n\000\040\000P\000I\000D}{subsection.79}% 40
\BOOKMARK [3][-]{subsubsection*.81}{\376\377\000V\036\333\000i\000\040\000b\036\331\000\040\001\021\000i\036\301\000u\000\040\000k\000h\000i\036\303\000n\000\040\000P\000D}{subsection.79}% 41
\BOOKMARK [2][-]{subsection.82}{\376\377\000K\036\277\000t\000\040\000q\000u\036\243}{section.53}% 42
\BOOKMARK [3][-]{subsubsection*.83}{\376\377\000V\036\333\000i\000\040\000b\036\331\000\040\001\021\000i\036\301\000u\000\040\000k\000h\000i\036\303\000n\000\040\000P\000D}{subsection.82}% 43
\BOOKMARK [3][-]{subsubsection*.86}{\376\377\000V\036\333\000i\000\040\000b\036\331\000\040\001\021\000i\036\301\000u\000\040\000k\000h\000i\036\303\000n\000\040\000P\000I\000D}{subsection.82}% 44
\BOOKMARK [0][-]{chapter.89}{\376\377\000K\036\276\000T\000\040\000Q\000U\036\242}{}% 45
\BOOKMARK [1][-]{section.90}{\376\377\000K\036\277\000t\000\040\000l\000u\036\255\000n\000\040\000c\000h\000u\000n\000g}{chapter.89}% 46
\BOOKMARK [2][-]{subsection.91}{\376\377\000B\036\331\000\040\001\021\000i\036\301\000u\000\040\000k\000h\000i\036\303\000n\000\040\000P\000I\000D}{section.90}% 47
\BOOKMARK [2][-]{subsection.92}{\376\377\000C\000\341\000c\000\040\000m\000\364\000\040\000h\000\354\000n\000h\000\040\000t\000h\036\361\000c\000\040\000t\036\277\000\040\000s\036\355\000\040\000d\036\345\000n\000g\000\040\000t\000h\000u\036\255\000t\000\040\000t\000o\000\341\000n\000\040\000P\000I\000D}{section.90}% 48
\BOOKMARK [2][-]{subsection.93}{\376\377\000C\000\341\000c\000\040\000c\000h\036\351\000c\000\040\000n\001\003\000n\000g\000\040\000c\036\347\000a\000\040\000v\000i\000\040\001\021\000i\036\301\000u\000\040\000k\000h\000i\036\303\000n}{section.90}% 49
\BOOKMARK [1][-]{section.94}{\376\377\000M\036\331\000t\000\040\000s\036\321\000\040\000v\036\245\000n\000\040\001\021\036\301\000\040\000c\000\362\000n\000\040\000t\036\323\000n\000\040\000t\036\241\000i\000\040\000c\036\347\000a\000\040\001\021\036\301\000\040\000t\000\340\000i}{chapter.89}% 50
\BOOKMARK [1][-]{section.95}{\376\377\000H\001\260\036\333\000n\000g\000\040\000p\000h\000\341\000t\000\040\000t\000r\000i\036\303\000n\000\040\000c\036\347\000a\000\040\001\021\036\301\000\040\000t\000\340\000i}{chapter.89}% 51
\BOOKMARK [0][-]{chapter*.96}{\376\377\000T\000\340\000i\000\040\000l\000i\036\307\000u\000\040\000t\000h\000a\000m\000\040\000k\000h\036\243\000o}{}% 52
\BOOKMARK [0][-]{appendix.97}{\376\377\000C\000\341\000c\000\040\000c\000h\001\260\001\241\000n\000g\000\040\000t\000r\000\354\000n\000h\000\040\000c\036\347\000a\000\040\001\021\036\301\000\040\000t\000\340\000i}{}% 53
\BOOKMARK [1][-]{section.98}{\376\377\000C\000h\001\260\001\241\000n\000g\000\040\000t\000r\000\354\000n\000h\000\040\000c\000h\000\355\000n\000h\000\040\000\050\000m\000a\000i\000n\000.\000c\000\051}{appendix.97}% 54
\BOOKMARK [1][-]{section.246}{\376\377\000T\000h\001\260\000\040\000v\000i\036\307\000n\000\040\000A\000D\000C\000L\000i\000b\000.\000h}{appendix.97}% 55
\BOOKMARK [1][-]{section.270}{\376\377\000T\000h\001\260\000\040\000v\000i\036\307\000n\000\040\000u\000a\000r\000t\000.\000h}{appendix.97}% 56
\BOOKMARK [1][-]{section.323}{\376\377\000T\000h\001\260\000\040\000v\000i\036\307\000n\000\040\000T\000W\000I\000.\000h}{appendix.97}% 57
\BOOKMARK [1][-]{section.457}{\376\377\000T\000h\001\260\000\040\000v\000i\036\307\000n\000\040\000T\000W\000I\000.\000c\000\040}{appendix.97}% 58
\BOOKMARK [1][-]{section.650}{\376\377\000T\000h\001\260\000\040\000v\000i\036\307\000n\000\040\000L\000C\000D\000\040\000I\0002\000C\000\040\000-\000\040\000h\000d\0004\0004\0007\0008\0000\000p\000c\000f\0008\0005\0007\0004\000.\000h\000\040}{appendix.97}% 59
\BOOKMARK [1][-]{section.743}{\376\377\000T\000h\001\260\000\040\000v\000i\036\307\000n\000\040\000L\000C\000D\000\040\000I\0002\000C\000\040\000-\000\040\000h\000d\0004\0004\0007\0008\0000\000p\000c\000f\0008\0005\0007\0004\000.\000c}{appendix.97}% 60
\BOOKMARK [0][-]{appendix.1148}{\376\377\000S\001\241\000\040\001\021\036\323\000\040\000c\000h\000\342\000n\000\040\000n\036\321\000i}{}% 61
\BOOKMARK [1][-]{section.1149}{\376\377\000S\001\241\000\040\001\021\036\323\000\040\000c\000h\000\342\000n\000\040\000n\036\321\000i\000\040\000m\000\364\000\040\000h\000\354\000n\000h\000\040\001\021\000i\036\301\000u\000\040\000k\000h\000i\036\303\000n\000\040\000v\036\313\000\040\000t\000r\000\355\000\040\000g\000\363\000c\000\040\000q\000u\000a\000y\000\040\001\021\036\331\000n\000g\000\040\000c\001\241\000\040\000D\000C\000\040\000E\000n\000c\000o\000d\000e\000r}{appendix.1148}% 62
